# JRE version: OpenJDK Runtime Environment (21.0.3) (build 21.0.3+-12282718-b509.11)
# Java VM: OpenJDK 64-Bit Server VM (21.0.3+-12282718-b509.11, mixed mode, tiered, compressed oops, compressed class ptrs, g1 gc, windows-amd64)
GC Precious Log:
 CardTable entry size: 512
 Card Set container configuration: InlinePtr #cards 4 size 8 Array Of Cards #cards 32 size 80 Howl #buckets 8 coarsen threshold 7372 Howl Bitmap #cards 1024 size 144 coarsen threshold 921 Card regions per heap region 1 cards per card region 8192
 CPUs: 8 total, 8 available
 Memory: 8073M
 Large Page Support: Disabled
 NUMA Support: Disabled
 Compressed Oops: Enabled (Zero based)
 Heap Region Size: 4M
 Heap Min Capacity: 8M
 Heap Initial Capacity: 128M
 Heap Max Capacity: 8G
 Pre-touch: Disabled
 Parallel Workers: 8
 Concurrent Workers: 2
 Concurrent Refinement Workers: 8
 Periodic GC: Disabled
Heap:
 garbage-first heap   total 401408K, used 193378K [0x0000000600000000, 0x0000000800000000)
  region size 4096K, 15 young (61440K), 6 survivors (24576K)
 Metaspace       used 151410K, committed 153664K, reserved 1245184K
  class space    used 19404K, committed 20544K, reserved 1048576K
GC Heap History (20 events):
Event: 147.394 GC heap before
{Heap before GC invocations=69 (full 0):
 garbage-first heap   total 401408K, used 365910K [0x0000000600000000, 0x0000000800000000)
  region size 4096K, 57 young (233472K), 3 survivors (12288K)
 Metaspace       used 140790K, committed 142976K, reserved 1179648K
  class space    used 18228K, committed 19328K, reserved 1048576K
}
Event: 147.407 GC heap after
{Heap after GC invocations=70 (full 0):
 garbage-first heap   total 401408K, used 141046K [0x0000000600000000, 0x0000000800000000)
  region size 4096K, 3 young (12288K), 3 survivors (12288K)
 Metaspace       used 140790K, committed 142976K, reserved 1179648K
  class space    used 18228K, committed 19328K, reserved 1048576K
}
Event: 152.625 GC heap before
{Heap before GC invocations=70 (full 0):
 garbage-first heap   total 401408K, used 362230K [0x0000000600000000, 0x0000000800000000)
  region size 4096K, 57 young (233472K), 3 survivors (12288K)
 Metaspace       used 149792K, committed 152064K, reserved 1245184K
  class space    used 19286K, committed 20416K, reserved 1048576K
}
Event: 152.644 GC heap after
{Heap after GC invocations=71 (full 0):
 garbage-first heap   total 401408K, used 147184K [0x0000000600000000, 0x0000000800000000)
  region size 4096K, 4 young (16384K), 4 survivors (16384K)
 Metaspace       used 149792K, committed 152064K, reserved 1245184K
  class space    used 19286K, committed 20416K, reserved 1048576K
}
Event: 154.589 GC heap before
{Heap before GC invocations=72 (full 0):
 garbage-first heap   total 401408K, used 360176K [0x0000000600000000, 0x0000000800000000)
  region size 4096K, 56 young (229376K), 4 survivors (16384K)
 Metaspace       used 149932K, committed 152192K, reserved 1245184K
  class space    used 19291K, committed 20416K, reserved 1048576K
}
Event: 154.608 GC heap after
{Heap after GC invocations=73 (full 0):
 garbage-first heap   total 401408K, used 147493K [0x0000000600000000, 0x0000000800000000)
  region size 4096K, 4 young (16384K), 4 survivors (16384K)
 Metaspace       used 149932K, committed 152192K, reserved 1245184K
  class space    used 19291K, committed 20416K, reserved 1048576K
}
Event: 157.162 GC heap before
{Heap before GC invocations=73 (full 0):
 garbage-first heap   total 401408K, used 356389K [0x0000000600000000, 0x0000000800000000)
  region size 4096K, 55 young (225280K), 4 survivors (16384K)
 Metaspace       used 150073K, committed 152320K, reserved 1245184K
  class space    used 19303K, committed 20416K, reserved 1048576K
}
Event: 157.181 GC heap after
{Heap after GC invocations=74 (full 0):
 garbage-first heap   total 401408K, used 147179K [0x0000000600000000, 0x0000000800000000)
  region size 4096K, 5 young (20480K), 5 survivors (20480K)
 Metaspace       used 150073K, committed 152320K, reserved 1245184K
  class space    used 19303K, committed 20416K, reserved 1048576K
}
Event: 158.576 GC heap before
{Heap before GC invocations=74 (full 0):
 garbage-first heap   total 401408K, used 351979K [0x0000000600000000, 0x0000000800000000)
  region size 4096K, 55 young (225280K), 5 survivors (20480K)
 Metaspace       used 150087K, committed 152320K, reserved 1245184K
  class space    used 19303K, committed 20416K, reserved 1048576K
}
Event: 158.592 GC heap after
{Heap after GC invocations=75 (full 0):
 garbage-first heap   total 401408K, used 147498K [0x0000000600000000, 0x0000000800000000)
  region size 4096K, 5 young (20480K), 5 survivors (20480K)
 Metaspace       used 150087K, committed 152320K, reserved 1245184K
  class space    used 19303K, committed 20416K, reserved 1048576K
}
Event: 159.450 GC heap before
{Heap before GC invocations=76 (full 0):
 garbage-first heap   total 401408K, used 352298K [0x0000000600000000, 0x0000000800000000)
  region size 4096K, 55 young (225280K), 5 survivors (20480K)
 Metaspace       used 150087K, committed 152320K, reserved 1245184K
  class space    used 19303K, committed 20416K, reserved 1048576K
}
Event: 159.465 GC heap after
{Heap after GC invocations=77 (full 0):
 garbage-first heap   total 401408K, used 147223K [0x0000000600000000, 0x0000000800000000)
  region size 4096K, 4 young (16384K), 4 survivors (16384K)
 Metaspace       used 150087K, committed 152320K, reserved 1245184K
  class space    used 19303K, committed 20416K, reserved 1048576K
}
Event: 160.367 GC heap before
{Heap before GC invocations=77 (full 0):
 garbage-first heap   total 401408K, used 356119K [0x0000000600000000, 0x0000000800000000)
  region size 4096K, 55 young (225280K), 4 survivors (16384K)
 Metaspace       used 150087K, committed 152320K, reserved 1245184K
  class space    used 19303K, committed 20416K, reserved 1048576K
}
Event: 160.385 GC heap after
{Heap after GC invocations=78 (full 0):
 garbage-first heap   total 401408K, used 148003K [0x0000000600000000, 0x0000000800000000)
  region size 4096K, 4 young (16384K), 4 survivors (16384K)
 Metaspace       used 150087K, committed 152320K, reserved 1245184K
  class space    used 19303K, committed 20416K, reserved 1048576K
}
Event: 161.325 GC heap before
{Heap before GC invocations=78 (full 0):
 garbage-first heap   total 401408K, used 356899K [0x0000000600000000, 0x0000000800000000)
  region size 4096K, 55 young (225280K), 4 survivors (16384K)
 Metaspace       used 150087K, committed 152320K, reserved 1245184K
  class space    used 19303K, committed 20416K, reserved 1048576K
}
Event: 161.338 GC heap after
{Heap after GC invocations=79 (full 0):
 garbage-first heap   total 401408K, used 147476K [0x0000000600000000, 0x0000000800000000)
  region size 4096K, 4 young (16384K), 4 survivors (16384K)
 Metaspace       used 150087K, committed 152320K, reserved 1245184K
  class space    used 19303K, committed 20416K, reserved 1048576K
}
Event: 163.576 GC heap before
{Heap before GC invocations=80 (full 0):
 garbage-first heap   total 401408K, used 356372K [0x0000000600000000, 0x0000000800000000)
  region size 4096K, 55 young (225280K), 4 survivors (16384K)
 Metaspace       used 150087K, committed 152320K, reserved 1245184K
  class space    used 19303K, committed 20416K, reserved 1048576K
}
Event: 163.592 GC heap after
{Heap after GC invocations=81 (full 0):
 garbage-first heap   total 401408K, used 150102K [0x0000000600000000, 0x0000000800000000)
  region size 4096K, 5 young (20480K), 5 survivors (20480K)
 Metaspace       used 150087K, committed 152320K, reserved 1245184K
  class space    used 19303K, committed 20416K, reserved 1048576K
}
Event: 166.569 GC heap before
{Heap before GC invocations=81 (full 0):
 garbage-first heap   total 401408K, used 350806K [0x0000000600000000, 0x0000000800000000)
  region size 4096K, 54 young (221184K), 5 survivors (20480K)
 Metaspace       used 150665K, committed 152896K, reserved 1245184K
  class space    used 19334K, committed 20480K, reserved 1048576K
}
Event: 166.615 GC heap after
{Heap after GC invocations=82 (full 0):
 garbage-first heap   total 401408K, used 160610K [0x0000000600000000, 0x0000000800000000)
  region size 4096K, 6 young (24576K), 6 survivors (24576K)
 Metaspace       used 150665K, committed 152896K, reserved 1245184K
  class space    used 19334K, committed 20480K, reserved 1048576K
}

